{
  "RSpec": {
    "coverage": {
      "/Users/sethverrill/turing_work/mod3/projects/music-fest-scheduler/music-fest-scheduler-be/music_festival_scheduler_be/app/helpers/application_helper.rb": {
        "lines": [
          1,
          null
        ]
      },
      "/Users/sethverrill/turing_work/mod3/projects/music-fest-scheduler/music-fest-scheduler-be/music_festival_scheduler_be/app/models/artist.rb": {
        "lines": [
          1,
          1,
          1,
          null
        ]
      },
      "/Users/sethverrill/turing_work/mod3/projects/music-fest-scheduler/music-fest-scheduler-be/music_festival_scheduler_be/app/models/application_record.rb": {
        "lines": [
          1,
          1,
          null
        ]
      },
      "/Users/sethverrill/turing_work/mod3/projects/music-fest-scheduler/music-fest-scheduler-be/music_festival_scheduler_be/app/models/schedule.rb": {
        "lines": [
          1,
          1,
          1,
          null
        ]
      },
      "/Users/sethverrill/turing_work/mod3/projects/music-fest-scheduler/music-fest-scheduler-be/music_festival_scheduler_be/app/models/show.rb": {
        "lines": [
          1,
          1,
          1,
          1,
          null,
          1,
          null
        ]
      },
      "/Users/sethverrill/turing_work/mod3/projects/music-fest-scheduler/music-fest-scheduler-be/music_festival_scheduler_be/app/models/user.rb": {
        "lines": [
          1,
          1,
          1,
          null
        ]
      },
      "/Users/sethverrill/turing_work/mod3/projects/music-fest-scheduler/music-fest-scheduler-be/music_festival_scheduler_be/app/models/venue.rb": {
        "lines": [
          1,
          1,
          1,
          null
        ]
      }
    },
    "timestamp": 1737485179
  }
}
