{
  "RSpec": {
    "coverage": {
      "/Users/sethverrill/turing_work/mod3/projects/music-fest-scheduler/music-fest-scheduler-be/music_festival_scheduler_be/app/helpers/application_helper.rb": {
        "lines": [
          1,
          null
        ]
      },
      "/Users/sethverrill/turing_work/mod3/projects/music-fest-scheduler/music-fest-scheduler-be/music_festival_scheduler_be/app/controllers/api/v1/schedules_controller.rb": {
        "lines": [
          1,
          null,
          1,
          2,
          null,
          2,
          1,
          null,
          1,
          null,
          null,
          null,
          1,
          5,
          5,
          null,
          5,
          4,
          4,
          null,
          2,
          null,
          1,
          null,
          1,
          null,
          4,
          2,
          null,
          2,
          null,
          null,
          1,
          null,
          null,
          null,
          1,
          null,
          1,
          3,
          null,
          null,
          1,
          4,
          null,
          null
        ]
      },
      "/Users/sethverrill/turing_work/mod3/projects/music-fest-scheduler/music-fest-scheduler-be/music_festival_scheduler_be/app/controllers/api/v1/shows_controller.rb": {
        "lines": [
          1,
          1,
          1,
          1,
          null,
          null,
          1,
          2,
          2,
          1,
          null,
          1,
          null,
          null,
          null,
          1,
          2,
          2,
          1,
          1,
          null,
          1,
          null,
          null,
          null
        ]
      },
      "/Users/sethverrill/turing_work/mod3/projects/music-fest-scheduler/music-fest-scheduler-be/music_festival_scheduler_be/app/controllers/api/v1/users_controller.rb": {
        "lines": [
          1,
          null,
          1,
          1,
          1,
          null,
          null,
          1,
          2,
          null,
          1,
          null,
          1,
          null,
          null
        ]
      },
      "/Users/sethverrill/turing_work/mod3/projects/music-fest-scheduler/music-fest-scheduler-be/music_festival_scheduler_be/app/controllers/api/v1/venues_controller.rb": {
        "lines": [
          1,
          1,
          1,
          1,
          null,
          null,
          1,
          2,
          2,
          1,
          null,
          1,
          null,
          null,
          null
        ]
      },
      "/Users/sethverrill/turing_work/mod3/projects/music-fest-scheduler/music-fest-scheduler-be/music_festival_scheduler_be/app/models/artist.rb": {
        "lines": [
          1,
          1,
          1,
          null
        ]
      },
      "/Users/sethverrill/turing_work/mod3/projects/music-fest-scheduler/music-fest-scheduler-be/music_festival_scheduler_be/app/models/application_record.rb": {
        "lines": [
          1,
          1,
          null
        ]
      },
      "/Users/sethverrill/turing_work/mod3/projects/music-fest-scheduler/music-fest-scheduler-be/music_festival_scheduler_be/app/models/schedule_show.rb": {
        "lines": [
          1,
          1,
          1,
          null
        ]
      },
      "/Users/sethverrill/turing_work/mod3/projects/music-fest-scheduler/music-fest-scheduler-be/music_festival_scheduler_be/app/models/schedule.rb": {
        "lines": [
          1,
          1,
          1,
          1,
          null
        ]
      },
      "/Users/sethverrill/turing_work/mod3/projects/music-fest-scheduler/music-fest-scheduler-be/music_festival_scheduler_be/app/models/show.rb": {
        "lines": [
          1,
          1,
          1,
          1,
          1,
          1,
          null
        ]
      },
      "/Users/sethverrill/turing_work/mod3/projects/music-fest-scheduler/music-fest-scheduler-be/music_festival_scheduler_be/app/models/user.rb": {
        "lines": [
          1,
          1,
          1,
          null
        ]
      },
      "/Users/sethverrill/turing_work/mod3/projects/music-fest-scheduler/music-fest-scheduler-be/music_festival_scheduler_be/app/models/venue.rb": {
        "lines": [
          1,
          1,
          1,
          null
        ]
      },
      "/Users/sethverrill/turing_work/mod3/projects/music-fest-scheduler/music-fest-scheduler-be/music_festival_scheduler_be/app/services/schedule_service.rb": {
        "lines": [
          1,
          1,
          null,
          1,
          8,
          8,
          null,
          null,
          1,
          4,
          null,
          2,
          2,
          null,
          null,
          2,
          null,
          null,
          1,
          3,
          2,
          2,
          null,
          1,
          null,
          null,
          null
        ]
      },
      "/Users/sethverrill/turing_work/mod3/projects/music-fest-scheduler/music-fest-scheduler-be/music_festival_scheduler_be/app/serializers/schedule_serializer.rb": {
        "lines": [
          1,
          1,
          null,
          1,
          null,
          1,
          3,
          null,
          4,
          null,
          null,
          null,
          null,
          null,
          null,
          null
        ]
      },
      "/Users/sethverrill/turing_work/mod3/projects/music-fest-scheduler/music-fest-scheduler-be/music_festival_scheduler_be/app/serializers/show_serializer.rb": {
        "lines": [
          1,
          1,
          null,
          1,
          null,
          1,
          6,
          null,
          null,
          1,
          6,
          null,
          null
        ]
      },
      "/Users/sethverrill/turing_work/mod3/projects/music-fest-scheduler/music-fest-scheduler-be/music_festival_scheduler_be/app/serializers/user_serializer.rb": {
        "lines": [
          1,
          1,
          null,
          1,
          null,
          1,
          6,
          null,
          6,
          null,
          null,
          5,
          null,
          null,
          null,
          null,
          null,
          null,
          null,
          null,
          null
        ]
      },
      "/Users/sethverrill/turing_work/mod3/projects/music-fest-scheduler/music-fest-scheduler-be/music_festival_scheduler_be/app/serializers/venue_serializer.rb": {
        "lines": [
          1,
          1,
          null,
          1,
          null,
          1,
          null
        ]
      },
      "/Users/sethverrill/turing_work/mod3/projects/music-fest-scheduler/music-fest-scheduler-be/music_festival_scheduler_be/app/serializers/artist_serializer.rb": {
        "lines": [
          0,
          0,
          null,
          0,
          0
        ],
        "branches": {}
      }
    },
    "timestamp": 1737577635
  }
}
